0 info it worked if it ends with ok
1 verbose cli [ 'C:\\Program Files\\nodejs\\node.exe',
1 verbose cli   'C:\\Program Files\\nodejs\\node_modules\\npm\\bin\\npm-cli.js',
1 verbose cli   'run',
1 verbose cli   'firefox' ]
2 info using npm@3.10.10
3 info using node@v6.11.2
4 verbose run-script [ 'prefirefox', 'firefox', 'postfirefox' ]
5 info lifecycle testcafe_html_reports@1.0.0~prefirefox: testcafe_html_reports@1.0.0
6 silly lifecycle testcafe_html_reports@1.0.0~prefirefox: no script for prefirefox, continuing
7 info lifecycle testcafe_html_reports@1.0.0~firefox: testcafe_html_reports@1.0.0
8 verbose lifecycle testcafe_html_reports@1.0.0~firefox: unsafe-perm in lifecycle true
9 verbose lifecycle testcafe_html_reports@1.0.0~firefox: PATH: C:\Program Files\nodejs\node_modules\npm\bin\node-gyp-bin;C:\Users\alberts\Desktop\TestCafeReport\testcafe_html_reports\node_modules\.bin;C:\Program Files (x86)\Common Files\Oracle\Java\javapath;C:\Program Files\Docker\Docker\Resources\bin;C:\ProgramData\Oracle\Java\javapath;C:\WINDOWS\system32;C:\WINDOWS;C:\WINDOWS\System32\Wbem;C:\WINDOWS\System32\WindowsPowerShell\v1.0\;C:\Program Files\Intel\WiFi\bin\;C:\Program Files\Common Files\Intel\WirelessCommon\;C:\Program Files\nodejs\;C:\Program Files (x86)\Git\cmd;C:\Users\alberts\AppData\Local\Microsoft\WindowsApps;C:\Users\alberts\AppData\Roaming\npm;C:\Users\alberts\AppData\Local\atom\bin
10 verbose lifecycle testcafe_html_reports@1.0.0~firefox: CWD: C:\Users\alberts\Desktop\TestCafeReport\testcafe_html_reports
11 silly lifecycle testcafe_html_reports@1.0.0~firefox: Args: [ '/d /s /c',
11 silly lifecycle   'testcafe firefox -e -S -s screenshots -r json:reports/result.json src/tests' ]
12 silly lifecycle testcafe_html_reports@1.0.0~firefox: Returned: code: 1  signal: null
13 info lifecycle testcafe_html_reports@1.0.0~firefox: Failed to exec firefox script
14 verbose stack Error: testcafe_html_reports@1.0.0 firefox: `testcafe firefox -e -S -s screenshots -r json:reports/result.json src/tests`
14 verbose stack Exit status 1
14 verbose stack     at EventEmitter.<anonymous> (C:\Program Files\nodejs\node_modules\npm\lib\utils\lifecycle.js:255:16)
14 verbose stack     at emitTwo (events.js:106:13)
14 verbose stack     at EventEmitter.emit (events.js:191:7)
14 verbose stack     at ChildProcess.<anonymous> (C:\Program Files\nodejs\node_modules\npm\lib\utils\spawn.js:40:14)
14 verbose stack     at emitTwo (events.js:106:13)
14 verbose stack     at ChildProcess.emit (events.js:191:7)
14 verbose stack     at maybeClose (internal/child_process.js:891:16)
14 verbose stack     at Process.ChildProcess._handle.onexit (internal/child_process.js:226:5)
15 verbose pkgid testcafe_html_reports@1.0.0
16 verbose cwd C:\Users\alberts\Desktop\TestCafeReport\testcafe_html_reports
17 error Windows_NT 10.0.14393
18 error argv "C:\\Program Files\\nodejs\\node.exe" "C:\\Program Files\\nodejs\\node_modules\\npm\\bin\\npm-cli.js" "run" "firefox"
19 error node v6.11.2
20 error npm  v3.10.10
21 error code ELIFECYCLE
22 error testcafe_html_reports@1.0.0 firefox: `testcafe firefox -e -S -s screenshots -r json:reports/result.json src/tests`
22 error Exit status 1
23 error Failed at the testcafe_html_reports@1.0.0 firefox script 'testcafe firefox -e -S -s screenshots -r json:reports/result.json src/tests'.
23 error Make sure you have the latest version of node.js and npm installed.
23 error If you do, this is most likely a problem with the testcafe_html_reports package,
23 error not with npm itself.
23 error Tell the author that this fails on your system:
23 error     testcafe firefox -e -S -s screenshots -r json:reports/result.json src/tests
23 error You can get information on how to open an issue for this project with:
23 error     npm bugs testcafe_html_reports
23 error Or if that isn't available, you can get their info via:
23 error     npm owner ls testcafe_html_reports
23 error There is likely additional logging output above.
24 verbose exit [ 1, true ]
